[    0.000000] Linux version 4.15.0-76-generic (buildd@lcy01-amd64-029) (gcc version 7.4.0 (Ubuntu 7.4.0-1ubuntu1~18.04.1)) #86-Ubuntu SMP Fri Jan 17 17:24:28 UTC 2020 (Ubuntu 4.15.0-76.86-generic 4.15.18)
[    0.000000] Command line: BOOT_IMAGE=/boot/vmlinuz-4.15.0-76-generic root=UUID=f6b87aca-c2cd-42bc-9188-c707198694f4 ro console=tty1 console=ttyS0
[    0.000000] KERNEL supported cpus:
[    0.000000]   Intel GenuineIntel
[    0.000000]   AMD AuthenticAMD
[    0.000000]   Centaur CentaurHauls
[    0.000000] x86/fpu: Supporting XSAVE feature 0x001: 'x87 floating point registers'
[    0.000000] x86/fpu: Supporting XSAVE feature 0x002: 'SSE registers'
[    0.000000] x86/fpu: Supporting XSAVE feature 0x004: 'AVX registers'
[    0.000000] x86/fpu: xstate_offset[2]:  576, xstate_sizes[2]:  256
[    0.000000] x86/fpu: Enabled xstate features 0x7, context size is 832 bytes, using 'standard' format.
[    0.000000] e820: BIOS-provided physical RAM map:
[    0.000000] BIOS-e820: [mem 0x0000000000000000-0x000000000009fbff] usable
[    0.000000] BIOS-e820: [mem 0x000000000009fc00-0x000000000009ffff] reserved
[    0.000000] BIOS-e820: [mem 0x00000000000f0000-0x00000000000fffff] reserved
[    0.000000] BIOS-e820: [mem 0x0000000000100000-0x000000003ffeffff] usable
[    0.000000] BIOS-e820: [mem 0x000000003fff0000-0x000000003fffffff] ACPI data
[    0.000000] BIOS-e820: [mem 0x00000000fec00000-0x00000000fec00fff] reserved
[    0.000000] BIOS-e820: [mem 0x00000000fee00000-0x00000000fee00fff] reserved
[    0.000000] BIOS-e820: [mem 0x00000000fffc0000-0x00000000ffffffff] reserved
[    0.000000] NX (Execute Disable) protection: active
[    0.000000] SMBIOS 2.5 present.
[    0.000000] DMI: innotek GmbH VirtualBox/VirtualBox, BIOS VirtualBox 12/01/2006
[    0.000000] Hypervisor detected: KVM
[    0.000000] e820: last_pfn = 0x3fff0 max_arch_pfn = 0x400000000
[    0.000000] MTRR: Disabled
[    0.000000] x86/PAT: MTRRs disabled, skipping PAT initialization too.
[    0.000000] CPU MTRRs all blank - virtualized system.
[    0.000000] x86/PAT: Configuration [0-7]: WB  WT  UC- UC  WB  WT  UC- UC  
[    0.000000] found SMP MP-table at [mem 0x0009fff0-0x0009ffff]
[    0.000000] Scanning 1 areas for low memory corruption
[    0.000000] RAMDISK: [mem 0x35969000-0x36cabfff]
[    0.000000] ACPI: Early table checksum verification disabled
[    0.000000] ACPI: RSDP 0x00000000000E0000 000024 (v02 VBOX  )
[    0.000000] ACPI: XSDT 0x000000003FFF0030 00003C (v01 VBOX   VBOXXSDT 00000001 ASL  00000061)
[    0.000000] ACPI: FACP 0x000000003FFF00F0 0000F4 (v04 VBOX   VBOXFACP 00000001 ASL  00000061)
[    0.000000] ACPI: DSDT 0x000000003FFF0470 0022EA (v02 VBOX   VBOXBIOS 00000002 INTL 20100528)
[    0.000000] ACPI: FACS 0x000000003FFF0200 000040
[    0.000000] ACPI: FACS 0x000000003FFF0200 000040
[    0.000000] ACPI: APIC 0x000000003FFF0240 00005C (v02 VBOX   VBOXAPIC 00000001 ASL  00000061)
[    0.000000] ACPI: SSDT 0x000000003FFF02A0 0001CC (v01 VBOX   VBOXCPUT 00000002 INTL 20100528)
[    0.000000] No NUMA configuration found
[    0.000000] Faking a node at [mem 0x0000000000000000-0x000000003ffeffff]
[    0.000000] NODE_DATA(0) allocated [mem 0x3ffc5000-0x3ffeffff]
[    0.000000] kvm-clock: cpu 0, msr 0:3ff44001, primary cpu clock
[    0.000000] kvm-clock: Using msrs 4b564d01 and 4b564d00
[    0.000000] kvm-clock: using sched offset of 3740846809 cycles
[    0.000000] clocksource: kvm-clock: mask: 0xffffffffffffffff max_cycles: 0x1cd42e4dffb, max_idle_ns: 881590591483 ns
[    0.000000] Zone ranges:
[    0.000000]   DMA      [mem 0x0000000000001000-0x0000000000ffffff]
[    0.000000]   DMA32    [mem 0x0000000001000000-0x000000003ffeffff]
[    0.000000]   Normal   empty
[    0.000000]   Device   empty
[    0.000000] Movable zone start for each node
[    0.000000] Early memory node ranges
[    0.000000]   node   0: [mem 0x0000000000001000-0x000000000009efff]
[    0.000000]   node   0: [mem 0x0000000000100000-0x000000003ffeffff]
[    0.000000] Reserved but unavailable: 98 pages
[    0.000000] Initmem setup node 0 [mem 0x0000000000001000-0x000000003ffeffff]
[    0.000000] ACPI: PM-Timer IO Port: 0x4008
[    0.000000] IOAPIC[0]: apic_id 2, version 32, address 0xfec00000, GSI 0-23
[    0.000000] ACPI: INT_SRC_OVR (bus 0 bus_irq 0 global_irq 2 dfl dfl)
[    0.000000] ACPI: INT_SRC_OVR (bus 0 bus_irq 9 global_irq 9 low level)
[    0.000000] Using ACPI (MADT) for SMP configuration information
[    0.000000] smpboot: Allowing 2 CPUs, 0 hotplug CPUs
[    0.000000] PM: Registered nosave memory: [mem 0x00000000-0x00000fff]
[    0.000000] PM: Registered nosave memory: [mem 0x0009f000-0x0009ffff]
[    0.000000] PM: Registered nosave memory: [mem 0x000a0000-0x000effff]
[    0.000000] PM: Registered nosave memory: [mem 0x000f0000-0x000fffff]
[    0.000000] e820: [mem 0x40000000-0xfebfffff] available for PCI devices
[    0.000000] Booting paravirtualized kernel on KVM
[    0.000000] clocksource: refined-jiffies: mask: 0xffffffff max_cycles: 0xffffffff, max_idle_ns: 7645519600211568 ns
[    0.000000] random: get_random_bytes called from start_kernel+0x99/0x4fd with crng_init=0
[    0.000000] setup_percpu: NR_CPUS:8192 nr_cpumask_bits:2 nr_cpu_ids:2 nr_node_ids:1
[    0.000000] percpu: Embedded 45 pages/cpu s147456 r8192 d28672 u1048576
[    0.000000] PV qspinlock hash table entries: 256 (order: 0, 4096 bytes)
[    0.000000] Built 1 zonelists, mobility grouping on.  Total pages: 257913
[    0.000000] Policy zone: DMA32
[    0.000000] Kernel command line: BOOT_IMAGE=/boot/vmlinuz-4.15.0-76-generic root=UUID=f6b87aca-c2cd-42bc-9188-c707198694f4 ro console=tty1 console=ttyS0
[    0.000000] Memory: 982556K/1048120K available (12300K kernel code, 2481K rwdata, 4260K rodata, 2428K init, 2704K bss, 65564K reserved, 0K cma-reserved)
[    0.000000] SLUB: HWalign=64, Order=0-3, MinObjects=0, CPUs=2, Nodes=1
[    0.000000] Kernel/User page tables isolation: enabled
[    0.000000] ftrace: allocating 39322 entries in 154 pages
[    0.004000] Hierarchical RCU implementation.
[    0.004000] 	RCU restricting CPUs from NR_CPUS=8192 to nr_cpu_ids=2.
[    0.004000] 	Tasks RCU enabled.
[    0.004000] RCU: Adjusting geometry for rcu_fanout_leaf=16, nr_cpu_ids=2
[    0.004000] NR_IRQS: 524544, nr_irqs: 440, preallocated irqs: 16
[    0.004000] Console: colour VGA+ 80x25
[    0.004000] console [tty1] enabled
[    0.004000] console [ttyS0] enabled
[    0.004000] ACPI: Core revision 20170831
[    0.004000] ACPI: 2 ACPI AML tables successfully acquired and loaded
[    0.004000] APIC: Switch to symmetric I/O mode setup
[    0.004000] x2apic enabled
[    0.004000] Switched APIC routing to physical x2apic.
[    0.004000] ..TIMER: vector=0x30 apic1=0 pin1=2 apic2=-1 pin2=-1
[    0.004004] tsc: Detected 2400.000 MHz processor
[    0.004898] Calibrating delay loop (skipped) preset value.. 4800.00 BogoMIPS (lpj=9600000)
[    0.005488] pid_max: default: 32768 minimum: 301
[    0.008033] Security Framework initialized
[    0.008784] Yama: becoming mindful.
[    0.009449] AppArmor: AppArmor initialized
[    0.011424] Dentry cache hash table entries: 131072 (order: 8, 1048576 bytes)
[    0.012054] Inode-cache hash table entries: 65536 (order: 7, 524288 bytes)
[    0.013235] Mount-cache hash table entries: 2048 (order: 2, 16384 bytes)
[    0.014374] Mountpoint-cache hash table entries: 2048 (order: 2, 16384 bytes)
[    0.016291] Last level iTLB entries: 4KB 64, 2MB 8, 4MB 8
[    0.017406] Last level dTLB entries: 4KB 64, 2MB 0, 4MB 0, 1GB 4
[    0.018438] Spectre V1 : Mitigation: usercopy/swapgs barriers and __user pointer sanitization
[    0.020002] Spectre V2 : Mitigation: Full generic retpoline
[    0.021178] Spectre V2 : Spectre v2 / SpectreRSB mitigation: Filling RSB on context switch
[    0.022598] Speculative Store Bypass: Vulnerable
[    0.024034] MDS: Mitigation: Clear CPU buffers
[    0.025343] Freeing SMP alternatives memory: 36K
[    0.136059] smpboot: CPU0: Intel(R) Core(TM) i5-8279U CPU @ 2.40GHz (family: 0x6, model: 0x8e, stepping: 0xa)
[    0.139210] Performance Events: unsupported p6 CPU model 142 no PMU driver, software events only.
[    0.140028] Hierarchical SRCU implementation.
[    0.141350] NMI watchdog: Perf event create on CPU 0 failed with -2
[    0.142467] NMI watchdog: Perf NMI watchdog permanently disabled
[    0.144035] smp: Bringing up secondary CPUs ...
[    0.144972] x86: Booting SMP configuration:
[    0.145744] .... node  #0, CPUs:      #1
[    0.004000] kvm-clock: cpu 1, msr 0:3ff44041, secondary cpu clock
[    0.150328] smp: Brought up 1 node, 2 CPUs
[    0.150328] smpboot: Max logical packages: 1
[    0.150328] smpboot: Total of 2 processors activated (9600.00 BogoMIPS)
[    0.152102] devtmpfs: initialized
[    0.152697] x86/mm: Memory block size: 128MB
[    0.153628] evm: security.selinux
[    0.154272] evm: security.SMACK64
[    0.156002] evm: security.SMACK64EXEC
[    0.156707] evm: security.SMACK64TRANSMUTE
[    0.157498] evm: security.SMACK64MMAP
[    0.158229] evm: security.apparmor
[    0.159263] evm: security.ima
[    0.160002] evm: security.capability
[    0.160691] clocksource: jiffies: mask: 0xffffffff max_cycles: 0xffffffff, max_idle_ns: 7645041785100000 ns
[    0.161742] futex hash table entries: 512 (order: 3, 32768 bytes)
[    0.163873] pinctrl core: initialized pinctrl subsystem
[    0.164093] RTC time: 23:10:17, date: 02/07/20
[    0.165033] NET: Registered protocol family 16
[    0.168063] audit: initializing netlink subsys (disabled)
[    0.169248] audit: type=2000 audit(1581117022.663:1): state=initialized audit_enabled=0 res=1
[    0.169248] cpuidle: using governor ladder
[    0.172008] cpuidle: using governor menu
[    0.172762] ACPI: bus type PCI registered
[    0.173500] acpiphp: ACPI Hot Plug PCI Controller Driver version: 0.5
[    0.174747] PCI: Using configuration type 1 for base access
[    0.176726] HugeTLB registered 2.00 MiB page size, pre-allocated 0 pages
[    0.177330] ACPI: Added _OSI(Module Device)
[    0.177330] ACPI: Added _OSI(Processor Device)
[    0.180005] ACPI: Added _OSI(3.0 _SCP Extensions)
[    0.181417] ACPI: Added _OSI(Processor Aggregator Device)
[    0.182637] ACPI: Added _OSI(Linux-Dell-Video)
[    0.184002] ACPI: Added _OSI(Linux-Lenovo-NV-HDMI-Audio)
[    0.184948] ACPI: Added _OSI(Linux-HPI-Hybrid-Graphics)
[    0.186329] ACPI: Executed 1 blocks of module-level executable AML code
[    0.190071] ACPI: Interpreter enabled
[    0.190932] ACPI: (supports S0 S5)
[    0.191583] ACPI: Using IOAPIC for interrupt routing
[    0.192163] PCI: Using host bridge windows from ACPI; if necessary, use "pci=nocrs" and report a bug
[    0.193960] ACPI: Enabled 2 GPEs in block 00 to 07
[    0.200466] ACPI: PCI Root Bridge [PCI0] (domain 0000 [bus 00-ff])
[    0.201662] acpi PNP0A03:00: _OSC: OS supports [ASPM ClockPM Segments MSI]
[    0.203313] acpi PNP0A03:00: _OSC: not requesting OS control; OS requires [ExtendedConfig ASPM ClockPM MSI]
[    0.204009] acpi PNP0A03:00: fail to add MMCONFIG information, can't access extended PCI configuration space under this bridge.
[    0.208365] PCI host bridge to bus 0000:00
[    0.209119] pci_bus 0000:00: root bus resource [io  0x0000-0x0cf7 window]
[    0.210448] pci_bus 0000:00: root bus resource [io  0x0d00-0xffff window]
[    0.211644] pci_bus 0000:00: root bus resource [mem 0x000a0000-0x000bffff window]
[    0.212003] pci_bus 0000:00: root bus resource [mem 0x40000000-0xfdffffff window]
[    0.213769] pci_bus 0000:00: root bus resource [bus 00-ff]
[    0.218700] pci 0000:00:01.1: legacy IDE quirk: reg 0x10: [io  0x01f0-0x01f7]
[    0.220002] pci 0000:00:01.1: legacy IDE quirk: reg 0x14: [io  0x03f6]
[    0.221149] pci 0000:00:01.1: legacy IDE quirk: reg 0x18: [io  0x0170-0x0177]
[    0.222438] pci 0000:00:01.1: legacy IDE quirk: reg 0x1c: [io  0x0376]
[    0.236232] pci 0000:00:07.0: quirk: [io  0x4000-0x403f] claimed by PIIX4 ACPI
[    0.238135] pci 0000:00:07.0: quirk: [io  0x4100-0x410f] claimed by PIIX4 SMB
[    0.247459] ACPI: PCI Interrupt Link [LNKA] (IRQs 5 9 10 *11)
[    0.248241] ACPI: PCI Interrupt Link [LNKB] (IRQs 5 9 *10 11)
[    0.249343] ACPI: PCI Interrupt Link [LNKC] (IRQs 5 *9 10 11)
[    0.252052] ACPI: PCI Interrupt Link [LNKD] (IRQs 5 9 10 *11)
[    0.253560] SCSI subsystem initialized
[    0.254408] pci 0000:00:02.0: vgaarb: setting as boot VGA device
[    0.254408] pci 0000:00:02.0: vgaarb: VGA device added: decodes=io+mem,owns=io+mem,locks=none
[    0.256011] pci 0000:00:02.0: vgaarb: bridge control possible
[    0.257077] vgaarb: loaded
[    0.257603] ACPI: bus type USB registered
[    0.260015] usbcore: registered new interface driver usbfs
[    0.260997] usbcore: registered new interface driver hub
[    0.261958] usbcore: registered new device driver usb
[    0.264038] EDAC MC: Ver: 3.0.0
[    0.264882] PCI: Using ACPI for IRQ routing
[    0.265113] NetLabel: Initializing
[    0.265754] NetLabel:  domain hash size = 128
[    0.266561] NetLabel:  protocols = UNLABELED CIPSOv4 CALIPSO
[    0.268014] NetLabel:  unlabeled traffic allowed by default
[    0.269018] clocksource: Switched to clocksource kvm-clock
[    0.280279] VFS: Disk quotas dquot_6.6.0
[    0.281617] VFS: Dquot-cache hash table entries: 512 (order 0, 4096 bytes)
[    0.282953] AppArmor: AppArmor Filesystem Enabled
[    0.283944] pnp: PnP ACPI init
[    0.286106] pnp: PnP ACPI: found 3 devices
[    0.294971] clocksource: acpi_pm: mask: 0xffffff max_cycles: 0xffffff, max_idle_ns: 2085701024 ns
[    0.296738] NET: Registered protocol family 2
[    0.297667] TCP established hash table entries: 8192 (order: 4, 65536 bytes)
[    0.298955] TCP bind hash table entries: 8192 (order: 5, 131072 bytes)
[    0.300688] TCP: Hash tables configured (established 8192 bind 8192)
[    0.302511] UDP hash table entries: 512 (order: 2, 16384 bytes)
[    0.303594] UDP-Lite hash table entries: 512 (order: 2, 16384 bytes)
[    0.304793] NET: Registered protocol family 1
[    0.305940] pci 0000:00:00.0: Limiting direct PCI/PCI transfers
[    0.307316] pci 0000:00:01.0: Activating ISA DMA hang workarounds
[    0.308541] pci 0000:00:02.0: Video device with shadowed ROM at [mem 0x000c0000-0x000dffff]
[    0.310175] Unpacking initramfs...
[    0.555234] Freeing initrd memory: 19724K
[    0.556567] clocksource: tsc: mask: 0xffffffffffffffff max_cycles: 0x22983777dd9, max_idle_ns: 440795300422 ns
[    0.558357] platform rtc_cmos: registered platform RTC device (no PNP device found)
[    0.559730] Scanning for low memory corruption every 60 seconds
[    0.561592] Initialise system trusted keyrings
[    0.563023] Key type blacklist registered
[    0.563929] workingset: timestamp_bits=36 max_order=18 bucket_order=0
[    0.565839] zbud: loaded
[    0.567014] squashfs: version 4.0 (2009/01/31) Phillip Lougher
[    0.568652] fuse init (API version 7.26)
[    0.571137] Key type asymmetric registered
[    0.571895] Asymmetric key parser 'x509' registered
[    0.572836] Block layer SCSI generic (bsg) driver version 0.4 loaded (major 246)
[    0.574218] io scheduler noop registered
[    0.574942] io scheduler deadline registered
[    0.575774] io scheduler cfq registered (default)
[    0.577058] ACPI: AC Adapter [AC] (off-line)
[    0.578251] input: Power Button as /devices/LNXSYSTM:00/LNXPWRBN:00/input/input0
[    0.579633] ACPI: Power Button [PWRF]
[    0.580418] input: Sleep Button as /devices/LNXSYSTM:00/LNXSLPBN:00/input/input1
[    0.581752] ACPI: Sleep Button [SLPF]
[    0.583705] ACPI: Battery Slot [BAT0] (battery present)
[    0.584829] Serial: 8250/16550 driver, 32 ports, IRQ sharing enabled
    0.606932] 00:02: ttyS0 at I/O 0x3f8 (iq = 4, base_baud = 115200) is a 16550A
    0.610068] Linux agpgart interface v0.103
[    0.613756] loop: module loaded
[    0.615436] scsi host0: ata_piix
[    0.616546] scsi host1: ata_piix
[    0.617765] ata1: PATA max UDMA/33 cmd 0x1f0 ctl 0x3f6 bmdma 0xd000 irq 14
[    0.619444] ata2: PATA max UDMA/33 cmd 0x170 ctl 0x376 bmdma 0xd008 irq 15
[    0.621107] libphy: Fixed MDIO Bus: probed
[    0.621921] tun: Universal TUN/TAP device driver, 1.6
[    0.622901] PPP generic driver version 2.4.2
[    0.623764] ehci_hcd: USB 2.0 'Enhanced' Host Controller (EHCI) Driver
[    0.624995] ehci-pci: EHCI PCI platform driver
[    0.626047] ehci-platform: EHCI generic platform driver
[    0.626993] ohci_hcd: USB 1.1 'Open' Host Controller (OHCI) Driver
[    0.628426] ohci-pci: OHCI PCI platform driver
[    0.629267] ohci-platform: OHCI generic platform driver
[    0.630326] uhci_hcd: USB Universal Host Controller Interface driver
[    0.631502] i8042: PNP: PS/2 Controller [PNP0303:PS2K,PNP0f03:PS2M] at 0x60,0x64 irq 1,12
[    0.633443] serio: i8042 KBD port at 0x60,0x64 irq 1
[    0.634380] serio: i8042 AUX port at 0x60,0x64 irq 12
[    0.635379] mousedev: PS/2 mouse device common for all mice
[    0.636635] input: AT Translated Set 2 keyboard as /devices/platform/i8042/serio0/input/input2
[    0.638497] rtc_cmos rtc_cmos: rtc core: registered rtc_cmos as rtc0
[    0.639667] rtc_cmos rtc_cmos: alarms up to one day, 114 bytes nvram
[    0.640829] i2c /dev entries driver
[    0.641523] device-mapper: uevent: version 1.0.3
[    0.642406] device-mapper: ioctl: 4.37.0-ioctl (2017-09-20) initialised: dm-devel@redhat.com
[    0.643959] ledtrig-cpu: registered to indicate activity on CPUs
[    0.645557] NET: Registered protocol family 10
[    0.649861] Segment Routing with IPv6
[    0.650584] NET: Registered protocol family 17
[    0.651480] Key type dns_resolver registered
[    0.652539] mce: Using 0 MCE banks
[    0.653296] RAS: Correctable Errors collector initialized.
[    0.654578] sched_clock: Marking stable (652474789, 0)->(832968087, -180493298)
[    0.656485] registered taskstats version 1
[    0.657267] Loading compiled-in X.509 certificates
[    0.660278] Loaded X.509 cert 'Build time autogenerated kernel key: 665cd2b89e03521f57c41865f552ebce30a0c7fb'
[    0.662421] zswap: loaded using pool lzo/zbud
[    0.666293] Key type big_key registered
[    0.667022] Key type trusted registered
[    0.669004] Key type encrypted registered
[    0.669754] AppArmor: AppArmor sha1 policy hashing enabled
[    0.670743] ima: No TPM chip found, activating TPM-bypass! (rc=-19)
[    0.671856] ima: Allocated hash algorithm: sha1
[    0.672754] evm: HMAC attrs: 0x1
[    0.673663]   Magic number: 8:557:200
[    0.674442] rtc_cmos rtc_cmos: setting system clock to 2020-02-07 23:10:17 UTC (1581117017)
[    0.676078] BIOS EDD facility v0.16 2004-Jun-25, 0 devices found
[    0.677156] EDD information not available.
[    1.008900] Freeing unused kernel image memory: 2428K
[    1.020585] Write protecting the kernel read-only data: 20480k
[    1.023641] Freeing unused kernel image memory: 2008K
[    1.025579] Freeing unused kernel image memory: 1884K
[    1.033295] x86/mm: Checked W+X mappings: passed, no W+X pages found.
[    1.035191] x86/mm: Checking user space page tables
[    1.041672] x86/mm: Checked W+X mappings: passed, no W+X pages found.
Loading, please wait...
starting version 237
[    1.091243] e1000: Intel(R) PRO/1000 Network Driver - version 7.3.21-k8-NAPI
[    1.093135] e1000: Copyright (c) 1999-2006 Intel Corporation.
[    1.098694] Fusion MPT base driver 3.04.20
[    1.099698] Copyright (c) 1999-2008 LSI Corporation
[    1.103628] Fusion MPT SPI Host driver 3.04.20
[    1.122746] AVX2 version of gcm_enc/dec engaged.
[    1.124399] AES CTR mode by8 optimization enabled
[    1.305133] input: ImExPS/2 Generic Explorer Mouse as /devices/platform/i8042/serio1/input/input4
[    1.482928] e1000 0000:00:03.0 eth0: (PCI:33MHz:32-bit) 02:3e:3e:1e:2f:8f
[    1.485136] e1000 0000:00:03.0 eth0: Intel(R) PRO/1000 Network Connection
[    1.487378] mptbase: ioc0: Initiating bringup
[    1.593272] ioc0: LSI53C1030 A0: Capabilities={Initiator}
[    1.841814] scsi host2: ioc0: LSI53C1030 A0, FwRev=00000000h, Ports=1, MaxQ=256, IRQ=20
[    2.014093] scsi 2:0:0:0: Direct-Access     VBOX     HARDDISK         1.0  PQ: 0 ANSI: 5
[    2.068121] scsi target2:0:0: Beginning Domain Validation
[    2.071082] scsi target2:0:0: Domain Validation skipping write tests
[    2.072845] scsi target2:0:0: Ending Domain Validation
[    2.074605] scsi target2:0:0: asynchronous
[    2.075951] scsi 2:0:1:0: Direct-Access     VBOX     HARDDISK         1.0  PQ: 0 ANSI: 5
[    2.388521] scsi target2:0:1: Beginning Domain Validation
[    2.391614] random: fast init done
[    2.392585] scsi target2:0:1: Domain Validation skipping write tests
[    2.394030] scsi target2:0:1: Ending Domain Validation
[    2.395741] scsi target2:0:1: asynchronous
[    2.399184] random: systemd-udevd: uninitialized urandom read (16 bytes read)
[    2.400598] random: systemd-udevd: uninitialized urandom read (16 bytes read)
[    2.402380] random: systemd-udevd: uninitialized urandom read (16 bytes read)
[    2.403997] sd 2:0:0:0: Attached scsi generic sg0 type 0
[    2.405462] sd 2:0:0:0: [sda] 20971520 512-byte logical blocks: (10.7 GB/10.0 GiB)
[    2.406931] sd 2:0:0:0: [sda] Write Protect is off
[    2.407933] sd 2:0:0:0: [sda] Incomplete mode parameter data
[    2.409090] sd 2:0:0:0: [sda] Assuming drive cache: write through
[    2.410758] sd 2:0:1:0: Attached scsi generic sg1 type 0
[    2.412426] sd 2:0:1:0: [sdb] 20480 512-byte logical blocks: (10.5 MB/10.0 MiB)
[    2.413937] sd 2:0:1:0: [sdb] Write Protect is off
[    2.415839] sd 2:0:1:0: [sdb] Incomplete mode parameter data
[    2.416961] sd 2:0:1:0: [sdb] Assuming drive cache: write through
[    2.417319] e1000 0000:00:08.0 eth1: (PCI:33MHz:32-bit) 08:00:27:f6:5d:b5
[    2.419672]  sda: sda1
[    2.419741] e1000 0000:00:08.0 eth1: Intel(R) PRO/1000 Network Connection
[    2.421051] sd 2:0:0:0: [sda] Attached SCSI disk
[    2.423059] sd 2:0:1:0: [sdb] Attached SCSI disk
[    2.423631] e1000 0000:00:08.0 enp0s8: renamed from eth1
[    2.444700] e1000 0000:00:03.0 enp0s3: renamed from eth0
Begin: Loading essential drivers ... [    3.820011] raid6: sse2x1   gen() 12778 MB/s
[    3.868067] raid6: sse2x1   xor()  9604 MB/s
[    3.916513] raid6: sse2x2   gen() 17313 MB/s
[    3.970103] raid6: sse2x2   xor() 12653 MB/s
[    4.016078] raid6: sse2x4   gen() 19309 MB/s
[    4.066116] raid6: sse2x4   xor() 12183 MB/s
[    4.112015] raid6: avx2x1   gen() 27367 MB/s
[    4.162725] raid6: avx2x1   xor() 20037 MB/s
[    4.212721] raid6: avx2x2   gen() 32611 MB/s
[    4.260114] raid6: avx2x2   xor() 20505 MB/s
[    4.308272] raid6: avx2x4   gen() 37829 MB/s
[    4.356531] raid6: avx2x4   xor() 22446 MB/s
[    4.357734] raid6: using algorithm avx2x4 gen() 37829 MB/s
[    4.358728] raid6: .... xor() 22446 MB/s, rmw enabled
[    4.359733] raid6: using avx2x2 recovery algorithm
[    4.362151] xor: automatically using best checksumming function   avx       
[    4.364590] async_tx: api initialized (async)
done.
Begin: Running /scripts/init-premount ... done.
Begin: Mounting root file system ... Begin: Running /scripts/local-top ... done.
Begin: Running /scripts/local-premount ... [    4.401225] Btrfs loaded, crc32c=crc32c-intel
Scanning for Btrfs filesystems
done.
Warning: fsck not present, so skipping root file system
[    4.423922] EXT4-fs (sda1): INFO: recovery required on readonly filesystem
[    4.425254] EXT4-fs (sda1): write access will be enabled during recovery
[    4.475173] EXT4-fs (sda1): recovery complete
[    4.476989] EXT4-fs (sda1): mounted filesystem with ordered data mode. Opts: (null)
done.
Begin: Running /scripts/local-bottom ... done.
Begin: Running /scripts/init-bottom ... done.
[    4.639489] ip_tables: (C) 2000-2006 Netfilter Core Team
[    4.645781] systemd[1]: systemd 237 running in system mode. (+PAM +AUDIT +SELINUX +IMA +APPARMOR +SMACK +SYSVINIT +UTMP +LIBCRYPTSETUP +GCRYPT +GNUTLS +ACL +XZ +LZ4 +SECCOMP +BLKID +ELFUTILS +KMOD -IDN2 +IDN -PCRE2 default-hierarchy=hybrid)
[    4.649704] systemd[1]: Detected virtualization oracle.
[    4.650682] systemd[1]: Detected architecture x86-64.

Welcome to [1mUbuntu 18.04.3 LTS[0m!

[    4.656029] systemd[1]: Set hostname to <ubuntu-bionic>.
[    4.891006] systemd[1]: Reached target User and Group Name Lookups.
[[0;32m  OK  [0m] Reached target User and Group Name Lookups.
[    4.894553] systemd[1]: Created slice User and Session Slice.
[[0;32m  OK  [0m] Created slice User and Session Slice.
[    4.896602] systemd[1]: Started Forward Password Requests to Wall Directory Watch.
[[0;32m  OK  [0m] Started Forward Password Requests to Wall Directory Watch.
[    4.899425] systemd[1]: Set up automount Arbitrary Executable File Formats File System Automount Point.
[[0;32m  OK  [0m] Set up automount Arbitrary Executab…rmats File System Automount Point.
[    4.912967] systemd[1]: Reached target System Time Synchronized.
[[0;32m  OK  [0m] Reached target System Time Synchronized.
[    4.916140] systemd[1]: Created slice System Slice.
[[0;32m  OK  [0m] Created slice System Slice.
[[0;32m  OK  [0m] Listening on Journal Socket.
         Starting Remount Root and Kernel File Systems...
         Mounting Kernel Debug File System...
         Mounting POSIX Message Queue File System...
[[0;32m  OK  [0m] Listening on LVM2 metadata daemon socket.
[[0;32m  OK  [0m] Listening on udev Kernel Socket.
[[0;32m  OK  [0m] Listening on udev Control Socket.
[    4.939513] EXT4-fs (sda1): re-mounted. Opts: (null)
[[0;32m  OK  [0m] Listening on /dev/initctl Compatibility Named Pipe.
[[0;32m  OK  [0m] Created slice system-serial\x2dgetty.slice.
[[0;32m  OK  [0m] Listening on Device-mapper event daemon FIFOs.
         Starting Uncomplicated firewall...
[[0;32m  OK  [0m] Listening on Network Service Netlink Socket.
[[0;32m  OK  [0m] Listening on Syslog Socket.
[[0;32m  OK  [0m] Listening on Journal Audit Socket.
         Mounting Huge Pages File System...
         Starting udev Coldplug all Devices...
         Starting Load Kernel Modules...
[[0;32m  OK  [0m] Reached target Slices.
[[0;32m  OK  [0m] Reached target Swap.
[[0;32m  OK  [0m] Listening on LVM2 poll daemon socket.
[[0;32m  OK  [0m] Listening on Journal Socket (/dev/log).
         Starting Journal Service...
         Starting Monitoring of LVM2 mirrors…ng dmeventd or progress polling...
[    4.986763] Loading iSCSI transport class v2.0-870.
         Starting Set the console keyboard layout...
[    4.994343] iscsi: registered transport (tcp)
         Starting Create list of required st…ce nodes for the current kernel...
[[0;32m  OK  [0m] Started Remount Root and Kernel File Systems.
[    5.010962] iscsi: registered transport (iser)
[[0;32m  OK  [0m] Mounted Kernel Debug File System.
[[0;32m  OK  [0m] Mounted POSIX Message Queue File System.
[[0;32m  OK  [0m] Started Uncomplicated firewall.
[[0;32m  OK  [0m] Mounted Huge Pages File System.
[[0;32m  OK  [0m] Started Load Kernel Modules.
         Mounting Kernel Configuration File System...
         Starting Apply Kernel Variables...
         Mounting FUSE Control File System...
         Starting Load/Save Random Seed...
[[0;32m  OK  [0m] Started Journal Service.
[[0;32m  OK  [0m] Started Create list of required sta…vice nodes for the current kernel.
[[0;32m  OK  [0m] Started udev Coldplug all Devices.
[[0;32m  OK  [0m] Mounted Kernel Configuration File System.
[[0;32m  OK  [0m] Mounted FUSE Control File System.
[[0;32m  OK  [0m] Started LVM2 metadata daemon.
         Starting Create Static Device Nodes in /dev...
         Starting Flush Journal to Persistent Storage...
[[0;32m  OK  [0m] Started Apply Kernel Variables.
[[0;32m  OK  [0m] Started Load/Save Random Seed.
[[0;32m  OK  [0m] Started Create Static Device Nodes in /dev.
         Starting udev Kernel Device Manager...
[[0;32m  OK  [0m] Started udev Kernel Device Manager.
[[0;32m  OK  [0m] Started Monitoring of LVM2 mirrors,…sing dmeventd or progress polling.
[[0;32m  OK  [0m] Started Set the console keyboard layout.
[[0;32m  OK  [0m] Reached target Local File Systems (Pre).
[[0;32m  OK  [0m] Reached target Local File Systems.
         Starting ebtables ruleset management...
         Starting Tell Plymouth To Write Out Runtime Data...
         Starting Set console font and keymap...
         Starting AppArmor initialization...
[[0;32m  OK  [0m] Started Dispatch Password Requests to Console Directory Watch.
[[0;32m  OK  [0m] Reached target Local Encrypted Volumes.
[[0;32m  OK  [0m] Started Tell Plymouth To Write Out Runtime Data.
[[0;32m  OK  [0m] Started Flush Journal to Persistent Storage.
[[0;32m  OK  [0m] Started Set console font and keymap.
         Starting Create Volatile Files and Directories...
[[0;32m  OK  [0m] Started Create Volatile Files and Directories.
         Starting Update UTMP about System Boot/Shutdown...
[[0;32m  OK  [0m] Started Update UTMP about System Boot/Shutdown.
[[0;32m  OK  [0m] Found device /dev/ttyS0.
[[0;32m  OK  [0m] Started ebtables ruleset management.
[[0;32m  OK  [0m] Listening on Load/Save RF Kill Switch Status /dev/rfkill Watch.
[[0;32m  OK  [0m] Started AppArmor initialization.
         Starting Initial cloud-init job (pre-networking)...
[    6.532741] cloud-init[585]: Cloud-init v. 19.3-41-gc4735dd3-0ubuntu1~18.04.1 running 'init-local' at Fri, 07 Feb 2020 23:10:23 +0000. Up 6.34 seconds.
[[0;32m  OK  [0m] Started Initial cloud-init job (pre-networking).
[[0;32m  OK  [0m] Reached target Network (Pre).
         Starting Network Service...
[[0;32m  OK  [0m] Started Network Service.
         Starting Network Name Resolution...
         Starting Wait for Network to be Configured...
[[0;32m  OK  [0m] Started Network Name Resolution.
[[0;32m  OK  [0m] Reached target Network.
[[0;32m  OK  [0m] Reached target Host and Network Name Lookups.
[[0;32m  OK  [0m] Started Wait for Network to be Configured.
         Starting Initial cloud-init job (metadata service crawler)...
[    8.951499] cloud-init[701]: Cloud-init v. 19.3-41-gc4735dd3-0ubuntu1~18.04.1 running 'init' at Fri, 07 Feb 2020 23:10:25 +0000. Up 8.83 seconds.
[    8.952857] cloud-init[701]: ci-info: ++++++++++++++++++++++++++++++++++++++Net device info+++++++++++++++++++++++++++++++++++++++
[    8.954698] cloud-init[701]: ci-info: +--------+------+-----------------------------+---------------+--------+-------------------+
[    8.956515] cloud-init[701]: ci-info: | Device |  Up  |           Address           |      Mask     | Scope  |     Hw-Address    |
[    8.958342] cloud-init[701]: ci-info: +--------+------+-----------------------------+---------------+--------+-------------------+
[    8.959981] cloud-init[701]: ci-info: | enp0s3 | True |          10.0.2.15          | 255.255.255.0 | global | 02:3e:3e:1e:2f:8f |
[    8.961772] cloud-init[701]: ci-info: | enp0s3 | True |  fe80::3e:3eff:fe1e:2f8f/64 |       .       |  link  | 02:3e:3e:1e:2f:8f |
[    8.963540] cloud-init[701]: ci-info: | enp0s8 | True |        192.168.33.10        | 255.255.255.0 | global | 08:00:27:f6:5d:b5 |
[    8.976261] cloud-init[701]: ci-info: | enp0s8 | True | fe80::a00:27ff:fef6:5db5/64 |       .       |  link  | 08:00:27:f6:5d:b5 |
[    8.978143] cloud-init[701]: ci-info: |   lo   | True |          127.0.0.1          |   255.0.0.0   |  host  |         .         |
[    8.979932] cloud-init[701]: ci-info: |   lo   | True |           ::1/128           |       .       |  host  |         .         |
[    8.981714] cloud-init[701]: ci-info: +--------+------+-----------------------------+---------------+--------+-------------------+
[    8.983648] cloud-init[701]: ci-info: +++++++++++++++++++++++++++++Route IPv4 info+++++++++++++++++++++++++++++
[    8.985065] cloud-init[701]: ci-info: +-------+--------------+----------+-----------------+-----------+-------+
[    8.997117] cloud-init[701]: ci-info: | Route | Destination  | Gateway  |     Genmask     | Interface | Flags |
[    8.998216] cloud-init[701]: ci-info: +-------+--------------+----------+-----------------+-----------+-------+
[    9.008689] cloud-init[701]: ci-info: |   0   |   0.0.0.0    | 10.0.2.2 |     0.0.0.0     |   enp0s3  |   UG  |
[    9.010269] cloud-init[701]: ci-info: |   1   |   10.0.2.0   | 0.0.0.0  |  255.255.255.0  |   enp0s3  |   U   |
[    9.011511] cloud-init[701]: ci-info: |   2   |   10.0.2.2   | 0.0.0.0  | 255.255.255.255 |   enp0s3  |   UH  |
[    9.012709] cloud-init[701]: ci-info: |   3   | 192.168.33.0 | 0.0.0.0  |  255.255.255.0  |   enp0s8  |   U   |
[    9.015642] cloud-init[701]: ci-info: +-------+--------------+----------+-----------------+-----------+-------+
[    9.016895] cloud-init[701]: ci-info: +++++++++++++++++++Route IPv6 info+++++++++++++++++++
[    9.017954] cloud-init[701]: ci-info: +-------+-------------+---------+-----------+-------+
[    9.019339] cloud-init[701]: ci-info: | Route | Destination | Gateway | Interface | Flags |
[    9.020699] cloud-init[701]: ci-info: +-------+-------------+---------+-----------+-------+
[    9.022216] cloud-init[701]: ci-info: |   1   |  fe80::/64  |    ::   |   enp0s8  |   U   |
[    9.023585] cloud-init[701]: ci-info: |   2   |  fe80::/64  |    ::   |   enp0s3  |   U   |
[    9.024928] cloud-init[701]: ci-info: |   4   |    local    |    ::   |   enp0s3  |   U   |
[    9.026221] cloud-init[701]: ci-info: |   5   |    local    |    ::   |   enp0s8  |   U   |
[    9.027519] cloud-init[701]: ci-info: |   6   |   ff00::/8  |    ::   |   enp0s8  |   U   |
[    9.028820] cloud-init[701]: ci-info: |   7   |   ff00::/8  |    ::   |   enp0s3  |   U   |
[    9.030125] cloud-init[701]: ci-info: +-------+-------------+---------+-----------+-------+
[[0;32m  OK  [0m] Started Initial cloud-init job (metadata service crawler).
[[0;32m  OK  [0m] Reached target Cloud-config availability.
[[0;32m  OK  [0m] Reached target Network is Online.
         Starting Availability of block devices...
[[0;32m  OK  [0m] Reached target Remote File Systems (Pre).
[[0;32m  OK  [0m] Reached target Remote File Systems.
[[0;32m  OK  [0m] Reached target System Initialization.
         Starting Socket activation for snappy daemon.
[[0;32m  OK  [0m] Started Message of the Day.
[[0;32m  OK  [0m] Listening on D-Bus System Message Bus Socket.
[[0;32m  OK  [0m] Listening on Open-iSCSI iscsid Socket.
[[0;32m  OK  [0m] Started Daily Cleanup of Temporary Directories.
[[0;32m  OK  [0m] Listening on UUID daemon activation socket.
[[0;32m  OK  [0m] Listening on ACPID Listen Socket.
         Starting LXD - unix socket.
[[0;32m  OK  [0m] Started ACPI Events Check.
[[0;32m  OK  [0m] Reached target Paths.
[[0;32m  OK  [0m] Started Daily apt download activities.
[[0;32m  OK  [0m] Started Daily apt upgrade and clean activities.
[[0;32m  OK  [0m] Started Discard unused blocks once a week.
[[0;32m  OK  [0m] Reached target Timers.
[[0;32m  OK  [0m] Started Availability of block devices.
[[0;32m  OK  [0m] Listening on Socket activation for snappy daemon.
[[0;32m  OK  [0m] Listening on LXD - unix socket.
[[0;32m  OK  [0m] Reached target Sockets.
[[0;32m  OK  [0m] Reached target Basic System.
         Starting LXD - container startup/shutdown...
         Starting vboxadd.service...
[[0;32m  OK  [0m] Started D-Bus System Message Bus.
         Starting Permit User Sessions...
         Starting System Logging Service...
[[0;32m  OK  [0m] Started Deferred execution scheduler.
[[0;32m  OK  [0m] Started FUSE filesystem for LXC.
[[0;32m  OK  [0m] Started irqbalance daemon.
         Starting Message of the Day...
         Starting Accounts Service...
         Starting OpenBSD Secure Shell server...
         Starting Snappy daemon...
         Starting LSB: Record successful boot for GRUB...
         Starting Dispatcher daemon for systemd-networkd...
         Starting Login Service...
         Starting LSB: automatic crash report generation...
[[0;32m  OK  [0m] Started Regular background program processing daemon.
[[0;32m  OK  [0m] Started System Logging Service.
[[0;32m  OK  [0m] Started LXD - container startup/shutdown.
[[0;32m  OK  [0m] Started Permit User Sessions.
[[0;32m  OK  [0m] Started OpenBSD Secure Shell server.
[[0;32m  OK  [0m] Started Login Service.
[[0;32m  OK  [0m] Started Unattended Upgrades Shutdown.
         Starting Authorization Manager...
         Starting Hold until boot process finishes up...
         Starting Terminate Plymouth Boot Screen...
[[0;32m  OK  [0m] Started Hold until boot process finishes up.
         Starting Set console scheme...
[[0;32m  OK  [0m] Started Serial Getty on ttyS0.
[[0;32m  OK  [0m] Started Terminate Plymouth Boot Screen.
[[0;32m  OK  [0m] Started Authorization Manager.
[[0;32m  OK  [0m] Started Set console scheme.
[[0;32m  OK  [0m] Started Accounts Service.
[[0;32m  OK  [0m] Created slice system-getty.slice.
[[0;32m  OK  [0m] Started Getty on tty1.
[[0;32m  OK  [0m] Reached target Login Prompts.
[[0;32m  OK  [0m] Started LSB: automatic crash report generation.
[[0;32m  OK  [0m] Started LSB: Record successful boot for GRUB.
[[0;32m  OK  [0m] Started Snappy daemon.
         Starting Wait until snapd is fully seeded...
[[0;32m  OK  [0m] Started Wait until snapd is fully seeded.
         Starting Apply the settings specified in cloud-config...
[[0;32m  OK  [0m] Started Dispatcher daemon for systemd-networkd.
[[0;32m  OK  [0m] Started vboxadd.service.
         Starting vboxadd-service.service...
[[0;32m  OK  [0m] Started vboxadd-service.service.
[[0;32m  OK  [0m] Reached target Multi-User System.
[[0;32m  OK  [0m] Reached target Graphical Interface.
         Starting Update UTMP about System Runlevel Changes...
[[0;32m  OK  [0m] Started Update UTMP about System Runlevel Changes.
[   11.108986] cloud-init[1220]: Cloud-init v. 19.3-41-gc4735dd3-0ubuntu1~18.04.1 running 'modules:config' at Fri, 07 Feb 2020 23:10:27 +0000. Up 11.02 seconds.
[[0;32m  OK  [0m] Started Apply the settings specified in cloud-config.
         Starting Execute cloud user/final scripts...
[   11.524428] cloud-init[1370]: Cloud-init v. 19.3-41-gc4735dd3-0ubuntu1~18.04.1 running 'modules:final' at Fri, 07 Feb 2020 23:10:28 +0000. Up 11.44 seconds.
[   11.536517] cloud-init[1370]: Cloud-init v. 19.3-41-gc4735dd3-0ubuntu1~18.04.1 finished at Fri, 07 Feb 2020 23:10:28 +0000. Datasource DataSourceNoCloud [seed=/dev/sdb][dsmode=net].  Up 11.51 seconds
[[0;32m  OK  [0m] Started Execute cloud user/final scripts.
[[0;32m  OK  [0m] Reached target Cloud-init target.
[[0;32m  OK  [0m] Started Message of the Day.

Ubuntu 18.04.3 LTS ubuntu-bionic ttyS0

ubuntu-bionic login: 